<?xml version="1.0" encoding="UTF-8"?>
<!-- Generated by org.testng.reporters.JUnitReportReporter -->
<testsuite hostname="LAPTOP-F12NV5NH" failures="0" tests="1" name="Meeshotest.Meshotest" time="0.058" errors="0" timestamp="2024-03-23T12:58:24 IST" skipped="0">
  <testcase classname="Meeshotest.Meshotest" name="verifylogin" time="0.058"/>
</testsuite> <!-- Meeshotest.Meshotest -->
